Thu Jan 28 15:42:26 PST 2021 : Apache Derby Network Server - 10.14.2.0 - (1828579) started and ready to accept connections on port 1527
----------------------------------------------------------------
Thu Jan 28 15:42:26 PST 2021:
Booting Derby version The Apache Software Foundation - Apache Derby - 10.14.2.0 - (1828579): instance a816c00e-0177-4b60-6c01-0000782cc9ef 
on database directory D:\Users\Mark Garcia\Desktop\CECS 323\Lab04\Lab04_First_Records\Data Base\First Records with class loader jdk.internal.loader.ClassLoaders$AppClassLoader@c387f44 
Loaded from file:/C:/Program%20Files%20(x86)/Derby/db-derby-10.14.2.0-bin/lib/derby.jar
java.vendor=Oracle Corporation
java.runtime.version=14.0.1+7
user.dir=C:\Program Files (x86)\Derby\db-derby-10.14.2.0-bin
os.name=Windows 10
os.arch=amd64
os.version=10.0
derby.system.home=D:\Users\Mark Garcia\Desktop\CECS 323\Lab04\Lab04_First_Records\Data Base
Database Class Loader started - derby.database.classpath=''
----------------------------------------------------------------
Thu Jan 28 15:59:35 PST 2021:
Shutting down instance a816c00e-0177-4b60-6c01-0000782cc9ef on database directory D:\Users\Mark Garcia\Desktop\CECS 323\Lab04\Lab04_First_Records\Data Base\First Records with class loader jdk.internal.loader.ClassLoaders$AppClassLoader@c387f44 
Thu Jan 28 15:59:35 PST 2021 Thread[DRDAConnThread_3,5,main] (DATABASE = First Records), (DRDAID = {2}), Database 'First Records' shutdown.
----------------------------------------------------------------
Thu Jan 28 16:01:31 PST 2021: Shutting down Derby engine
----------------------------------------------------------------
